{
  "getDefaultExportFromCjs": [
    "x"
  ],
  "setupGlobalEnv": [
    "config",
    "environment"
  ],
  "resolveCss": [
    "mod"
  ],
  "resolveAsset": [
    "mod",
    "url"
  ],
  "setupConsoleLogSpy": [],
  "run": [
    "method",
    "files",
    "config",
    "moduleRunner",
    "traces"
  ],
  "startModuleRunner": [
    "options"
  ],
  "setupEnvironment": [
    "context"
  ],
  "runBaseTests": [
    "method",
    "state",
    "traces"
  ],
  "getBenchOptions": [
    "key"
  ],
  "getBenchFn": [
    "key"
  ],
  "createBenchmark": [
    "fn"
  ],
  "formatName": [
    "name"
  ],
  "toArr": [
    "any"
  ],
  "toVal": [
    "out",
    "key",
    "val",
    "opts"
  ],
  "mri2": [
    "args",
    "opts"
  ],
  "removeBrackets": [
    "v"
  ],
  "findAllBrackets": [
    "v"
  ],
  "parse": [
    "map"
  ],
  "getMriOptions": [
    "options"
  ],
  "findLongest": [
    "arr"
  ],
  "padRight": [
    "str",
    "length"
  ],
  "camelcase": [
    "input"
  ],
  "setDotProp": [
    "obj",
    "keys",
    "val",
    "transforms"
  ],
  "convertKey": [
    "i"
  ],
  "getFileName": [
    "input"
  ],
  "camelcaseOptionName": [
    "name"
  ],
  "CACError": {
    "constructor": [
      "message"
    ]
  },
  "Option": {
    "constructor": [
      "rawName",
      "description",
      "config"
    ]
  },
  "Command": {
    "constructor": [
      "rawName",
      "description",
      "param",
      "cli"
    ],
    "usage": [
      "text"
    ],
    "allowUnknownOptions": [],
    "ignoreOptionDefaultValue": [],
    "version": [
      "version",
      "param"
    ],
    "example": [
      "example"
    ],
    "option": [
      "rawName",
      "description",
      "config"
    ],
    "alias": [
      "name"
    ],
    "action": [
      "callback"
    ],
    "isMatched": [
      "name"
    ],
    "isDefaultCommand": [],
    "isGlobalCommand": [],
    "hasOption": [
      "name"
    ],
    "outputHelp": [],
    "outputVersion": [],
    "checkRequiredArgs": [],
    "checkUnknownOptions": [],
    "checkOptionValue": []
  },
  "GlobalCommand": {
    "constructor": [
      "cli"
    ]
  },
  "CAC": {
    "constructor": [
      "param"
    ],
    "usage": [
      "text"
    ],
    "command": [
      "rawName",
      "description",
      "config"
    ],
    "option": [
      "rawName",
      "description",
      "config"
    ],
    "help": [
      "callback"
    ],
    "version": [
      "version",
      "param"
    ],
    "example": [
      "example"
    ],
    "outputHelp": [],
    "outputVersion": [],
    "setParsedInfo": [
      "param",
      "matchedCommand",
      "matchedCommandName"
    ],
    "unsetMatchedCommand": [],
    "parse": [
      "param",
      "param"
    ],
    "mri": [
      "argv",
      "command"
    ],
    "runMatchedCommand": []
  },
  "cac": [
    "param"
  ],
  "apiConfig": [
    "port"
  ],
  "watermarkTransform": [
    "value"
  ],
  "transformNestedBoolean": [
    "value"
  ],
  "addCommand": [
    "cli",
    "name",
    "option"
  ],
  "transform": [
    "value"
  ],
  "addCliOptions": [
    "cli",
    "options"
  ],
  "createCLI": [
    "param"
  ],
  "addBannerWarning": [
    "warning"
  ],
  "removeQuotes": [
    "str"
  ],
  "splitArgv": [
    "argv"
  ],
  "parseCLI": [
    "argv",
    "param"
  ],
  "runRelated": [
    "relatedFiles",
    "argv"
  ],
  "watch": [
    "cliFilters",
    "options"
  ],
  "benchmark": [
    "cliFilters",
    "options"
  ],
  "normalizeCliOptions": [
    "cliFilters",
    "argv"
  ],
  "start": [
    "mode",
    "cliFilters",
    "options"
  ],
  "init": [
    "worker"
  ],
  "collect": [
    "ctx",
    "worker",
    "traces"
  ],
  "requireConstants": [],
  "requireBufferUtil": [],
  "concat": [
    "list",
    "totalLength"
  ],
  "_mask": [
    "source",
    "mask",
    "output",
    "offset",
    "length"
  ],
  "_unmask": [
    "buffer",
    "mask"
  ],
  "toArrayBuffer": [
    "buf"
  ],
  "toBuffer": [
    "data"
  ],
  "requireLimiter": [],
  "Limiter": {
    "constructor": [
      "concurrency"
    ],
    "add": [
      "job"
    ],
    "kRun": []
  },
  "requirePermessageDeflate": [],
  "PerMessageDeflate": {
    "constructor": [
      "options",
      "isServer",
      "maxPayload"
    ],
    "extensionName": [],
    "offer": [],
    "accept": [
      "configurations"
    ],
    "cleanup": [],
    "acceptAsServer": [
      "offers"
    ],
    "acceptAsClient": [
      "response"
    ],
    "normalizeParams": [
      "configurations"
    ],
    "decompress": [
      "data",
      "fin",
      "callback"
    ],
    "compress": [
      "data",
      "fin",
      "callback"
    ],
    "_decompress": [
      "data",
      "fin",
      "callback"
    ],
    "_compress": [
      "data",
      "fin",
      "callback"
    ]
  },
  "deflateOnData": [
    "chunk"
  ],
  "inflateOnData": [
    "chunk"
  ],
  "inflateOnError": [
    "err"
  ],
  "requireValidation": [],
  "isValidStatusCode": [
    "code"
  ],
  "_isValidUTF8": [
    "buf"
  ],
  "isBlob": [
    "value"
  ],
  "requireReceiver": [],
  "Receiver": {
    "constructor": [
      "param"
    ],
    "_write": [
      "chunk",
      "encoding",
      "cb"
    ],
    "consume": [
      "n"
    ],
    "startLoop": [
      "cb"
    ],
    "getInfo": [
      "cb"
    ],
    "getPayloadLength16": [
      "cb"
    ],
    "getPayloadLength64": [
      "cb"
    ],
    "haveLength": [
      "cb"
    ],
    "getMask": [],
    "getData": [
      "cb"
    ],
    "decompress": [
      "data",
      "cb"
    ],
    "dataMessage": [
      "cb"
    ],
    "controlMessage": [
      "data",
      "cb"
    ],
    "createError": [
      "ErrorCtor",
      "message",
      "prefix",
      "statusCode",
      "errorCode"
    ]
  },
  "requireSender": [],
  "Sender": {
    "constructor": [
      "socket",
      "extensions",
      "generateMask"
    ],
    "frame": [
      "data",
      "options"
    ],
    "close": [
      "code",
      "data",
      "mask",
      "cb"
    ],
    "ping": [
      "data",
      "mask",
      "cb"
    ],
    "pong": [
      "data",
      "mask",
      "cb"
    ],
    "send": [
      "data",
      "options",
      "cb"
    ],
    "getBlobData": [
      "blob",
      "compress",
      "options",
      "cb"
    ],
    "dispatch": [
      "data",
      "compress",
      "options",
      "cb"
    ],
    "dequeue": [],
    "enqueue": [
      "params"
    ],
    "sendFrame": [
      "list",
      "cb"
    ]
  },
  "callCallbacks": [
    "sender",
    "err",
    "cb"
  ],
  "onError": [
    "error"
  ],
  "requireEventTarget": [],
  "Event": {
    "constructor": [
      "type"
    ],
    "target": [],
    "type": []
  },
  "CloseEvent": {
    "constructor": [
      "type",
      "param"
    ],
    "code": [],
    "reason": [],
    "wasClean": []
  },
  "ErrorEvent": {
    "constructor": [
      "type",
      "param"
    ],
    "error": [],
    "message": []
  },
  "MessageEvent": {
    "constructor": [
      "type",
      "param"
    ],
    "data": []
  },
  "callListener": [
    "listener",
    "thisArg",
    "event"
  ],
  "requireExtension": [],
  "push": [
    "dest",
    "name",
    "elem"
  ],
  "format": [
    "type",
    "msg",
    "param"
  ],
  "requireWebsocket": [],
  "WebSocket": {
    "constructor": [
      "address",
      "protocols",
      "options"
    ],
    "binaryType": [
      "type"
    ],
    "bufferedAmount": [],
    "extensions": [],
    "isPaused": [],
    "onclose": [],
    "onerror": [],
    "onopen": [],
    "onmessage": [],
    "protocol": [],
    "readyState": [],
    "url": [],
    "setSocket": [
      "socket",
      "head",
      "options"
    ],
    "emitClose": [],
    "close": [
      "code",
      "data"
    ],
    "pause": [],
    "ping": [
      "data",
      "mask",
      "cb"
    ],
    "pong": [
      "data",
      "mask",
      "cb"
    ],
    "resume": [],
    "send": [
      "data",
      "options",
      "cb"
    ],
    "terminate": []
  },
  "initAsClient": [
    "websocket",
    "address",
    "protocols",
    "options"
  ],
  "emitErrorAndClose": [
    "websocket",
    "err"
  ],
  "netConnect": [
    "options"
  ],
  "tlsConnect": [
    "options"
  ],
  "abortHandshake": [
    "socket",
    "code",
    "message",
    "headers"
  ],
  "sendAfterClose": [
    "websocket",
    "data",
    "cb"
  ],
  "receiverOnConclude": [
    "code",
    "reason"
  ],
  "receiverOnDrain": [],
  "receiverOnError": [
    "err"
  ],
  "receiverOnFinish": [],
  "receiverOnMessage": [
    "data",
    "isBinary"
  ],
  "receiverOnPing": [
    "data"
  ],
  "receiverOnPong": [
    "data"
  ],
  "resume": [
    "stream"
  ],
  "senderOnError": [
    "err"
  ],
  "setCloseTimer": [
    "websocket"
  ],
  "socketOnClose": [],
  "socketOnData": [
    "chunk"
  ],
  "socketOnEnd": [],
  "socketOnError": [],
  "requireStream": [],
  "emitClose": [
    "server"
  ],
  "duplexOnEnd": [],
  "duplexOnError": [
    "err"
  ],
  "createWebSocketStream": [
    "ws",
    "options"
  ],
  "requireSubprotocol": [],
  "requireWebsocketServer": [],
  "WebSocketServer": {
    "constructor": [
      "options",
      "callback"
    ],
    "address": [],
    "close": [
      "cb"
    ],
    "shouldHandle": [
      "req"
    ],
    "handleUpgrade": [
      "req",
      "socket",
      "head",
      "cb"
    ],
    "completeUpgrade": [
      "extensions",
      "key",
      "protocols",
      "req",
      "socket",
      "head",
      "cb"
    ]
  },
  "addListeners": [
    "server",
    "map"
  ],
  "abortHandshakeOrEmitwsClientError": [
    "server",
    "req",
    "socket",
    "code",
    "message",
    "headers"
  ],
  "getTestFileEnvironment": [
    "project",
    "testFile",
    "param"
  ],
  "getModuleGraph": [
    "ctx",
    "projectName",
    "testFilePath",
    "param"
  ],
  "get": [
    "mod"
  ],
  "clearId": [
    "id"
  ],
  "cloneByOwnProperties": [
    "value"
  ],
  "stringifyReplace": [
    "key",
    "value"
  ],
  "isValidApiRequest": [
    "config",
    "req"
  ],
  "setup": [
    "ctx",
    "_server"
  ],
  "setupClient": [
    "ws"
  ],
  "WebSocketReporter": {
    "start": [],
    "end": [],
    "constructor": [
      "ctx",
      "wss",
      "clients"
    ],
    "onTestModuleCollected": [
      "testModule"
    ],
    "onTestRunStart": [
      "specifications"
    ],
    "onTestCaseAnnotate": [
      "testCase",
      "annotation"
    ],
    "onTestCaseArtifactRecord": [
      "testCase",
      "artifact"
    ],
    "onTaskUpdate": [
      "packs",
      "events"
    ],
    "sum": [
      "items",
      "cb"
    ],
    "onTestRunEnd": [
      "testModules",
      "unhandledErrors"
    ],
    "onFinishedReportCoverage": [],
    "onUserConsoleLog": [
      "log"
    ]
  },
  "createDebugger": [
    "namespace"
  ],
  "astParseFile": [
    "filepath",
    "code"
  ],
  "getName": [
    "callee"
  ],
  "createFailedFileTask": [
    "project",
    "filepath",
    "error"
  ],
  "serializeError": [
    "ctx",
    "error"
  ],
  "createFileTask": [
    "testFilepath",
    "code",
    "requestMap",
    "options"
  ],
  "updateLatestSuite": [
    "index"
  ],
  "astCollectTests": [
    "project",
    "filepath"
  ],
  "transformSSR": [
    "project",
    "filepath"
  ],
  "markDynamicTests": [
    "tasks"
  ],
  "escapeRegex": [
    "str"
  ],
  "escapeTestName": [
    "label",
    "dynamic"
  ],
  "BrowserSessions": {
    "sessions": [],
    "sessionIds": [],
    "getSession": [
      "sessionId"
    ],
    "destroySession": [
      "sessionId"
    ],
    "createSession": [
      "sessionId",
      "project",
      "pool"
    ]
  },
  "FilesStatsCache": {
    "cache": [],
    "getStats": [
      "key"
    ],
    "populateStats": [
      "root",
      "specs"
    ],
    "updateStats": [
      "fsPath",
      "key"
    ],
    "removeStats": [
      "fsPath"
    ]
  },
  "ResultsCache": {
    "logger": [],
    "cache": [],
    "workspacesKeyMap": [],
    "cachePath": [],
    "version": [],
    "root": [],
    "constructor": [
      "logger"
    ],
    "getCachePath": [],
    "setConfig": [
      "root",
      "config"
    ],
    "getResults": [
      "key"
    ],
    "clearCache": [],
    "readFromCache": [],
    "updateResults": [
      "files"
    ],
    "removeFromCache": [
      "filepath"
    ],
    "writeToCache": []
  },
  "VitestCache": {
    "results": [],
    "stats": [],
    "constructor": [
      "logger"
    ],
    "getFileTestResults": [
      "key"
    ],
    "getFileStats": [
      "key"
    ],
    "resolveCacheDir": [
      "root",
      "dir",
      "projectName"
    ]
  },
  "FileSystemModuleCache": {
    "rootCache": [],
    "metadataFilePath": [],
    "version": [],
    "fsCacheRoots": [],
    "fsEnvironmentHashMap": [],
    "fsCacheKeyGenerators": [],
    "fsCacheKeys": [],
    "constructor": [
      "vitest"
    ],
    "defineCacheKeyGenerator": [
      "callback"
    ],
    "clearCache": [
      "param"
    ],
    "readCachedFileConcurrently": [
      "cachedFilePath"
    ],
    "getCachedModule": [
      "cachedFilePath"
    ],
    "saveCachedModule": [
      "cachedFilePath",
      "fetchResult",
      "param",
      "param"
    ],
    "toBase64": [
      "obj"
    ],
    "fromBase64": [
      "obj"
    ],
    "invalidateCachePath": [
      "environment",
      "id"
    ],
    "invalidateAllCachePaths": [
      "environment"
    ],
    "getMemoryCachePath": [
      "environment",
      "id"
    ],
    "generateCachePath": [
      "vitestConfig",
      "environment",
      "id",
      "fileContent"
    ],
    "saveMemoryCache": [
      "environment",
      "id",
      "cache"
    ],
    "readMetadata": [],
    "ensureCacheIntegrity": []
  },
  "atomicWriteFile": [
    "realFilePath",
    "data"
  ],
  "getLockfileHash": [
    "root"
  ],
  "lookupFile": [
    "dir",
    "fileNames"
  ],
  "tryReadFileSync": [
    "file"
  ],
  "tryStatSync": [
    "path"
  ],
  "normalizeResolvedIdToUrl": [
    "environment",
    "resolvedId"
  ],
  "ModuleFetcher": {
    "tmpDirectories": [],
    "fsCacheEnabled": [],
    "constructor": [
      "resolver",
      "config",
      "fsCache",
      "tmpProjectDir"
    ],
    "fetch": [
      "trace",
      "url",
      "importer",
      "environment",
      "makeTmpCopies",
      "options"
    ],
    "getSerializedImports": [
      "node"
    ],
    "recordResult": [
      "trace",
      "result"
    ],
    "getCachePath": [
      "environment",
      "moduleGraphModule"
    ],
    "readFileContentToCache": [
      "environment",
      "moduleGraphModule"
    ],
    "getCachedModule": [
      "cachePath",
      "environment",
      "moduleGraphModule",
      "importer"
    ],
    "fetchAndProcess": [
      "environment",
      "url",
      "importer",
      "moduleGraphModule",
      "options"
    ],
    "cacheResult": [
      "result",
      "cachePath",
      "param",
      "param"
    ],
    "readFileConcurrently": [
      "file"
    ]
  },
  "createFetchModuleFunction": [
    "resolver",
    "config",
    "fsCache",
    "traces",
    "tmpProjectDir"
  ],
  "processResultSource": [
    "environment",
    "result"
  ],
  "inlineSourceMap": [
    "result"
  ],
  "genSourceMapUrl": [
    "map"
  ],
  "getCachedResult": [
    "result",
    "tmp"
  ],
  "extractSourceMap": [
    "code"
  ],
  "handleRollupError": [
    "e"
  ],
  "ServerModuleRunner": {
    "constructor": [
      "environment",
      "fetcher",
      "config"
    ],
    "import": [
      "rawId"
    ]
  },
  "FilesNotFoundError": {
    "code": [],
    "constructor": [
      "mode"
    ]
  },
  "GitNotFoundError": {
    "code": [],
    "constructor": []
  },
  "LocationFilterFileNotFoundError": {
    "code": [],
    "constructor": [
      "filename"
    ]
  },
  "IncludeTaskLocationDisabledError": {
    "code": [],
    "constructor": []
  },
  "RangeLocationFilterProvidedError": {
    "code": [],
    "constructor": [
      "filter"
    ]
  },
  "VitestFilteredOutProjectError": {
    "code": [],
    "constructor": []
  },
  "highlightCode": [
    "id",
    "source",
    "colors"
  ],
  "Logger": {
    "ctx": [],
    "outputStream": [],
    "errorStream": [],
    "_clearScreenPending": [],
    "_highlights": [],
    "cleanupListeners": [],
    "console": [],
    "constructor": [
      "ctx",
      "outputStream",
      "errorStream"
    ],
    "log": [
      "param"
    ],
    "error": [
      "param"
    ],
    "warn": [
      "param"
    ],
    "clearFullScreen": [
      "message"
    ],
    "clearScreen": [
      "message",
      "force"
    ],
    "_clearScreen": [],
    "printError": [
      "err",
      "options"
    ],
    "deprecate": [
      "message"
    ],
    "clearHighlightCache": [
      "filename"
    ],
    "highlight": [
      "filename",
      "source"
    ],
    "printNoTestFound": [
      "filters"
    ],
    "printBanner": [],
    "printBrowserBanner": [
      "project"
    ],
    "printUnhandledErrors": [
      "errors"
    ],
    "printSourceTypeErrors": [
      "errors"
    ],
    "getColumns": [],
    "onTerminalCleanup": [
      "listener"
    ],
    "addCleanupListeners": [],
    "registerUnhandledRejection": []
  },
  "cleanup": [],
  "onExit": [
    "signal",
    "exitCode"
  ],
  "onUnhandledRejection": [
    "err"
  ],
  "collectModuleDurationsDiagnostic": [
    "moduleId",
    "state",
    "moduleDiagnostic",
    "testModule"
  ],
  "getModuleImporter": [
    "moduleId",
    "durations",
    "testModule"
  ],
  "collectSourceModulesLocations": [
    "moduleId",
    "moduleGraph"
  ],
  "fillSourcesMap": [
    "syntax",
    "sourcesMap",
    "source",
    "indexMap"
  ],
  "parseSourceImportsAndExports": [
    "source"
  ],
  "parseTransformResult": [
    "moduleGraph",
    "transformResult"
  ],
  "VitestPackageInstaller": {
    "isPackageExists": [
      "name",
      "options"
    ],
    "ensureInstalled": [
      "dependency",
      "root",
      "version"
    ]
  },
  "getDefaultThreadsCount": [
    "config"
  ],
  "getWorkerMemoryLimit": [
    "config"
  ],
  "stringToBytes": [
    "input",
    "percentageReference"
  ],
  "getSpecificationsEnvironments": [
    "specifications"
  ],
  "createBrowserPool": [
    "vitest"
  ],
  "ensurePool": [
    "project"
  ],
  "runWorkspaceTests": [
    "method",
    "specs"
  ],
  "getThreadsCount": [
    "project"
  ],
  "escapePathToRegexp": [
    "path"
  ],
  "BrowserPool": {
    "_queue": [],
    "_promise": [],
    "_providedContext": [],
    "readySessions": [],
    "_traces": [],
    "_otel": [],
    "constructor": [
      "project",
      "options"
    ],
    "cancel": [],
    "reject": [
      "error"
    ],
    "orchestrators": [],
    "runTests": [
      "method",
      "files"
    ],
    "openPage": [
      "sessionId"
    ],
    "getOrchestrator": [
      "sessionId"
    ],
    "finishSession": [
      "sessionId"
    ],
    "runNextTest": [
      "method",
      "sessionId"
    ],
    "setBreakpoint": [
      "sessionId",
      "file"
    ]
  },
  "shouldIgnoreDebugger": [
    "provider",
    "browser"
  ],
  "createMethodsRPC": [
    "project",
    "param"
  ],
  "PoolRunner": {
    "poolId": [],
    "project": [],
    "environment": [],
    "_state": [],
    "_operationLock": [],
    "_terminatePromise": [],
    "_eventEmitter": [],
    "_offCancel": [],
    "_rpc": [],
    "_otel": [],
    "_traces": [],
    "isTerminated": [],
    "waitForTerminated": [],
    "isStarted": [],
    "constructor": [
      "options",
      "worker"
    ],
    "reconfigure": [
      "task"
    ],
    "postMessage": [
      "message"
    ],
    "startTracesSpan": [
      "name"
    ],
    "request": [
      "method",
      "context"
    ],
    "getOTELCarrier": [],
    "start": [
      "options"
    ],
    "stop": [
      "options"
    ],
    "on": [
      "event",
      "callback"
    ],
    "off": [
      "event",
      "callback"
    ],
    "emitWorkerError": [],
    "emitWorkerMessage": [],
    "emitUnexpectedExit": [],
    "waitForStart": [],
    "withTimeout": [
      "promise",
      "timeout"
    ]
  },
  "onStop": [
    "response"
  ],
  "onStart": [
    "message"
  ],
  "resolve": [
    "param"
  ],
  "reject": [
    "_error"
  ],
  "ForksPoolWorker": {
    "name": [],
    "cacheFs": [],
    "entrypoint": [],
    "execArgv": [],
    "env": [],
    "_fork": [],
    "stdout": [],
    "stderr": [],
    "constructor": [
      "options"
    ],
    "on": [
      "event",
      "callback"
    ],
    "off": [
      "event",
      "callback"
    ],
    "send": [
      "message"
    ],
    "start": [],
    "stop": [],
    "deserialize": [
      "data"
    ],
    "fork": []
  },
  "ThreadsPoolWorker": {
    "name": [],
    "entrypoint": [],
    "execArgv": [],
    "env": [],
    "_thread": [],
    "stdout": [],
    "stderr": [],
    "constructor": [
      "options"
    ],
    "on": [
      "event",
      "callback"
    ],
    "off": [
      "event",
      "callback"
    ],
    "send": [
      "message"
    ],
    "start": [],
    "stop": [],
    "deserialize": [
      "data"
    ],
    "thread": []
  },
  "TypecheckPoolWorker": {
    "name": [],
    "project": [],
    "_eventEmitter": [],
    "constructor": [
      "options"
    ],
    "start": [],
    "stop": [],
    "canReuse": [],
    "send": [
      "message"
    ],
    "on": [
      "event",
      "callback"
    ],
    "off": [
      "event",
      "callback"
    ],
    "deserialize": [
      "data"
    ]
  },
  "onMessage": [
    "rawMessage"
  ],
  "createRunner": [
    "vitest"
  ],
  "onParseEnd": [
    "project",
    "param"
  ],
  "createWorkspaceTypechecker": [
    "project",
    "files"
  ],
  "startTypechecker": [
    "project",
    "files"
  ],
  "collectTests": [
    "ctx",
    "filepath"
  ],
  "runTests": [
    "specs",
    "project"
  ],
  "VmForksPoolWorker": {
    "name": [],
    "reportMemory": [],
    "entrypoint": [],
    "constructor": [
      "options"
    ],
    "canReuse": []
  },
  "VmThreadsPoolWorker": {
    "name": [],
    "reportMemory": [],
    "entrypoint": [],
    "constructor": [
      "options"
    ],
    "canReuse": []
  },
  "Pool": {
    "maxWorkers": [],
    "workerIds": [],
    "queue": [],
    "activeTasks": [],
    "sharedRunners": [],
    "exitPromises": [],
    "_isCancelling": [],
    "constructor": [
      "options",
      "logger"
    ],
    "setMaxWorkers": [
      "maxWorkers"
    ],
    "run": [
      "task",
      "method"
    ],
    "schedule": [],
    "cancel": [],
    "close": [],
    "getPoolRunner": [
      "task",
      "method"
    ],
    "getWorkerId": [],
    "freeWorkerId": [
      "id"
    ]
  },
  "cancelTask": [
    "options"
  ],
  "onFinished": [
    "message"
  ],
  "withResolvers": [],
  "formatFiles": [
    "task"
  ],
  "isEqualRunner": [
    "runner",
    "task"
  ],
  "isEnvironmentEqual": [
    "env1",
    "env2"
  ],
  "deepEqual": [
    "a",
    "b"
  ],
  "getFilePoolName": [
    "project"
  ],
  "createPool": [
    "ctx"
  ],
  "executeTests": [
    "method",
    "state",
    "traces"
  ],
  "resolveOptions": [
    "ctx"
  ],
  "resolveMaxWorkers": [
    "project"
  ],
  "getMemoryLimit": [
    "config",
    "pool"
  ],
  "groupSpecs": [
    "specs",
    "environments"
  ],
  "getSerializedOptions": [
    "env"
  ],
  "isEqualEnvironments": [
    "a",
    "b"
  ],
  "serializeConfig": [
    "project"
  ],
  "loadGlobalSetupFiles": [
    "runner",
    "globalSetup"
  ],
  "loadGlobalSetupFile": [
    "file",
    "runner"
  ],
  "CoverageTransform": [
    "ctx"
  ],
  "requireJsTokens": [],
  "stripLiteralFromToken": [
    "token",
    "fillChar",
    "filter"
  ],
  "optionsWithDefaults": [
    "options"
  ],
  "stripLiteral": [
    "code",
    "options"
  ],
  "MetaEnvReplacerPlugin": [],
  "MocksPlugins": [
    "param"
  ],
  "generateCssFilenameHash": [
    "filepath"
  ],
  "generateScopedClassName": [
    "strategy",
    "name",
    "filename"
  ],
  "clearScreen": [
    "logger"
  ],
  "getTimeFormatter": [],
  "createViteLogger": [
    "console",
    "param",
    "param"
  ],
  "output": [
    "type",
    "msg",
    "param"
  ],
  "silenceImportViteIgnoreWarning": [
    "logger"
  ],
  "isCSS": [
    "id"
  ],
  "isCSSModule": [
    "id"
  ],
  "isInline": [
    "id"
  ],
  "getCSSModuleProxyReturn": [
    "strategy",
    "filename"
  ],
  "CSSEnablerPlugin": [
    "ctx"
  ],
  "shouldProcessCSS": [
    "id"
  ],
  "NormalizeURLPlugin": [],
  "VitestOptimizer": [],
  "resolveOptimizerConfig": [
    "_testOptions",
    "viteOptions"
  ],
  "deleteDefineConfig": [
    "viteConfig"
  ],
  "resolveFsAllow": [
    "projectRoot",
    "rootConfigFile"
  ],
  "getDefaultResolveOptions": [],
  "getDefaultServerConditions": [],
  "ModuleRunnerTransform": [],
  "resolveViteResolveOptions": [
    "key",
    "options",
    "moduleDirectories"
  ],
  "resolveDeprecatedOptions": [
    "options",
    "moduleDirectories"
  ],
  "processWildcard": [
    "dep",
    "moduleDirectories"
  ],
  "VitestProjectResolver": [
    "ctx"
  ],
  "VitestCoreResolver": [
    "ctx"
  ],
  "WorkspaceVitestPlugin": [
    "project",
    "options"
  ],
  "VitestResolver": {
    "options": [],
    "externalizeConcurrentCache": [],
    "externalizeCache": [],
    "constructor": [
      "cacheDir",
      "config"
    ],
    "wasExternalized": [
      "file"
    ],
    "shouldExternalize": [
      "file"
    ]
  },
  "normalizeId": [
    "id"
  ],
  "guessCJSversion": [
    "id"
  ],
  "isValidNodeImport": [
    "id"
  ],
  "shouldExternalize": [
    "id",
    "options",
    "cache"
  ],
  "_shouldExternalize": [
    "id",
    "options"
  ],
  "matchPattern": [
    "id",
    "moduleDirectories",
    "patterns"
  ],
  "TestSpecification": {
    "taskId": [],
    "project": [],
    "moduleId": [],
    "pool": [],
    "testLines": [],
    "constructor": [
      "project",
      "moduleId",
      "pool",
      "testLines"
    ],
    "testModule": [],
    "toJSON": []
  },
  "createViteServer": [
    "inlineConfig"
  ],
  "isFileServingAllowed": [
    "configOrUrl",
    "urlOrServer"
  ],
  "fsPathFromId": [
    "id"
  ],
  "fsPathFromUrl": [
    "url"
  ],
  "TestProject": {
    "options": [],
    "vitest": [],
    "globalConfig": [],
    "browser": [],
    "tmpDir": [],
    "testFilesList": [],
    "runner": [],
    "closingPromise": [],
    "typecheckFilesList": [],
    "_globalSetups": [],
    "_provided": [],
    "constructor": [
      "vitest",
      "options",
      "tmpDir"
    ],
    "hash": [],
    "provide": [],
    "getProvidedContext": [],
    "createSpecification": [
      "moduleId",
      "locations",
      "pool"
    ],
    "toJSON": [],
    "vite": [],
    "config": [],
    "name": [],
    "color": [],
    "serializedConfig": [],
    "isRootProject": [],
    "onTestsRerun": [
      "cb"
    ],
    "globTestFiles": [
      "filters"
    ],
    "globAllTestFiles": [],
    "isBrowserEnabled": [],
    "markTestFile": [],
    "matchesTestGlob": [
      "moduleId",
      "source"
    ],
    "isInSourceTestCode": [],
    "filterFiles": [],
    "_parentBrowser": [],
    "close": [],
    "import": [
      "moduleId"
    ],
    "_setHash": [],
    "_serializeOverriddenConfig": [],
    "clearTmpDir": []
  },
  "deduped": [
    "cb"
  ],
  "initializeProject": [
    "workspacePath",
    "ctx",
    "options"
  ],
  "generateHash": [
    "str"
  ],
  "resolveProjects": [
    "vitest",
    "cliOptions",
    "workspaceConfigPath",
    "projectsDefinition",
    "names"
  ],
  "resolveBrowserProjects": [
    "vitest",
    "names",
    "resolvedProjects"
  ],
  "cloneConfig": [
    "project",
    "param"
  ],
  "resolveTestProjectConfigs": [
    "vitest",
    "workspaceConfigPath",
    "projectsDefinition"
  ],
  "resolveDirectoryConfig": [
    "directory"
  ],
  "getDefaultTestProject": [
    "vitest"
  ],
  "getPotentialProjectNames": [
    "project"
  ],
  "loadCustomReporterModule": [
    "path",
    "runner"
  ],
  "createReporters": [
    "reporterReferences",
    "ctx"
  ],
  "createBenchmarkReporters": [
    "reporterReferences",
    "runner"
  ],
  "parseFilter": [
    "filter"
  ],
  "groupFilters": [
    "filters"
  ],
  "VitestSpecifications": {
    "_cachedSpecs": [],
    "constructor": [
      "vitest"
    ],
    "getModuleSpecifications": [
      "moduleId"
    ],
    "getRelevantTestSpecifications": [
      "param"
    ],
    "globTestSpecifications": [
      "param"
    ],
    "clearCache": [
      "moduleId"
    ],
    "getCachedSpecifications": [
      "moduleId"
    ],
    "ensureSpecificationCached": [
      "spec"
    ],
    "filterTestsBySource": [
      "specs"
    ],
    "getTestDependencies": [
      "spec",
      "param"
    ]
  },
  "addImports": [
    "project",
    "filepath"
  ],
  "ReportedTaskImplementation": {
    "project": [],
    "id": [],
    "location": [],
    "ok": [],
    "meta": []
  },
  "TestCase": {
    "type": [],
    "module": [],
    "name": [],
    "options": [],
    "parent": [],
    "fullName": [],
    "result": [],
    "annotations": [],
    "artifacts": [],
    "diagnostic": []
  },
  "TestCollection": {
    "constructor": [
      "task",
      "project"
    ],
    "at": [
      "index"
    ],
    "size": [],
    "array": [],
    "allTests": [
      "state"
    ],
    "tests": [
      "state"
    ],
    "suites": [],
    "allSuites": []
  },
  "SuiteImplementation": {
    "children": [],
    "errors": []
  },
  "TestSuite": {
    "type": [],
    "name": [],
    "module": [],
    "parent": [],
    "options": [],
    "ok": [],
    "meta": [],
    "state": [],
    "fullName": []
  },
  "TestModule": {
    "location": [],
    "type": [],
    "viteEnvironment": [],
    "moduleId": [],
    "relativeModuleId": [],
    "state": [],
    "ok": [],
    "meta": [],
    "diagnostic": []
  },
  "buildOptions": [
    "task"
  ],
  "storeTask": [
    "project",
    "runnerTask",
    "reportedTask"
  ],
  "getReportedTask": [
    "project",
    "runnerTask"
  ],
  "getSuiteState": [
    "task"
  ],
  "experimental_getRunnerTask": [
    "entity"
  ],
  "isAggregateError": [
    "err"
  ],
  "StateManager": {
    "filesMap": [],
    "pathsSet": [],
    "idMap": [],
    "taskFileMap": [],
    "errorsSet": [],
    "reportedTasksMap": [],
    "blobs": [],
    "transformTime": [],
    "metadata": [],
    "onUnhandledError": [],
    "constructor": [
      "options"
    ],
    "catchError": [
      "error",
      "type"
    ],
    "clearErrors": [],
    "getUnhandledErrors": [],
    "getPaths": [],
    "getFiles": [
      "keys"
    ],
    "getTestModules": [
      "keys"
    ],
    "getFilepaths": [],
    "getFailedFilepaths": [],
    "collectPaths": [
      "paths"
    ],
    "collectFiles": [
      "project",
      "files"
    ],
    "clearFiles": [
      "project",
      "paths"
    ],
    "updateId": [
      "task",
      "project"
    ],
    "getReportedEntity": [
      "task"
    ],
    "getReportedEntityById": [
      "taskId"
    ],
    "updateTasks": [
      "packs"
    ],
    "updateUserLog": [
      "log"
    ],
    "getCountOfFailedTests": [],
    "cancelFiles": [
      "files",
      "project"
    ]
  },
  "Mime": {
    "constructor": [
      "param"
    ],
    "define": [
      "typeMap",
      "param"
    ],
    "getType": [
      "path"
    ],
    "getExtension": [
      "type"
    ],
    "getAllExtensions": [
      "type"
    ],
    "_freeze": [],
    "_getTestState": []
  },
  "TestRun": {
    "constructor": [
      "vitest"
    ],
    "start": [
      "specifications"
    ],
    "enqueued": [
      "project",
      "file"
    ],
    "collected": [
      "project",
      "files"
    ],
    "log": [
      "log"
    ],
    "recordArtifact": [
      "testId",
      "artifact"
    ],
    "updated": [
      "update",
      "events"
    ],
    "end": [
      "specifications",
      "errors",
      "coverage"
    ],
    "hasFailed": [
      "modules"
    ],
    "syncUpdateStacks": [
      "update"
    ],
    "reportEvent": [
      "id",
      "event",
      "data"
    ],
    "resolveTestAttachment": [
      "test",
      "attachment",
      "filename"
    ],
    "reportChildren": [
      "children"
    ]
  },
  "sanitizeFilePath": [
    "s"
  ],
  "VitestWatcher": {
    "vitest": [],
    "invalidates": [],
    "changedTests": [],
    "_onRerun": [],
    "constructor": [
      "vitest"
    ],
    "unregisterWatcher": [],
    "registerWatcher": [],
    "scheduleRerun": [],
    "getTestFilesFromWatcherTrigger": [],
    "onFileChange": [],
    "onFileDelete": [],
    "onFileCreate": [],
    "handleSetupFile": [],
    "handleFileChanged": []
  },
  "Vitest": {
    "mode": [],
    "version": [],
    "logger": [],
    "packageInstaller": [],
    "distPath": [],
    "projects": [],
    "watcher": [],
    "isFirstRun": [],
    "restartsCount": [],
    "specifications": [],
    "pool": [],
    "_config": [],
    "_vite": [],
    "_state": [],
    "_cache": [],
    "_snapshot": [],
    "_coverageProvider": [],
    "constructor": [
      "mode",
      "cliOptions",
      "options"
    ],
    "_onRestartListeners": [],
    "_onClose": [],
    "_onSetServer": [],
    "_onCancelListeners": [],
    "_onUserTestsRerun": [],
    "_onFilterWatchedSpecification": [],
    "config": [],
    "vite": [],
    "state": [],
    "snapshot": [],
    "cache": [],
    "enableCoverage": [],
    "disableCoverage": [],
    "clearAllCachePaths": [],
    "_coverageOverrideCache": [],
    "injectTestProject": [],
    "provide": [],
    "getProvidedContext": [],
    "getRootProject": [],
    "getProjectByName": [
      "name"
    ],
    "import": [
      "moduleId"
    ],
    "createCoverageProvider": [],
    "resolveProjects": [],
    "globTestSpecifications": [
      "filters"
    ],
    "initCoverageProvider": [],
    "experimental_clearCache": [],
    "mergeReports": [
      "directory"
    ],
    "getSeed": [],
    "collect": [
      "filters"
    ],
    "getRelevantTestSpecifications": [
      "filters"
    ],
    "start": [
      "filters"
    ],
    "init": [],
    "waitForTestRunEnd": [],
    "getModuleSpecifications": [
      "moduleId"
    ],
    "clearSpecificationsCache": [
      "moduleId"
    ],
    "runTestSpecifications": [
      "specifications",
      "allTestsRun"
    ],
    "rerunTestSpecifications": [
      "specifications",
      "allTestsRun"
    ],
    "runFiles": [],
    "experimental_getSourceModuleDiagnostic": [
      "moduleId",
      "testModule"
    ],
    "experimental_parseSpecifications": [
      "specifications",
      "options"
    ],
    "experimental_parseSpecification": [
      "specification"
    ],
    "collectTests": [
      "specifications"
    ],
    "cancelCurrentRun": [
      "reason"
    ],
    "initializeGlobalSetup": [],
    "updateSnapshot": [
      "files"
    ],
    "enableSnapshotUpdate": [],
    "resetSnapshotUpdate": [],
    "setGlobalTestNamePattern": [
      "pattern"
    ],
    "getGlobalTestNamePattern": [],
    "resetGlobalTestNamePattern": [],
    "_rerunTimer": [],
    "scheduleRerun": [],
    "invalidateFile": [
      "filepath"
    ],
    "reportCoverage": [],
    "close": [],
    "exit": [
      "force"
    ],
    "shouldKeepServer": [],
    "onServerRestart": [
      "fn"
    ],
    "onCancel": [
      "fn"
    ],
    "onClose": [
      "fn"
    ],
    "onTestsRerun": [
      "fn"
    ],
    "onFilterWatchedSpecification": [
      "fn"
    ],
    "matchesProjectFilter": [
      "name"
    ]
  },
  "assert": [
    "condition",
    "property",
    "param"
  ],
  "VitestPlugin": [
    "param",
    "param"
  ],
  "UIPlugin": [],
  "removeUndefinedValues": [
    "obj"
  ],
  "createVitest": [],
  "WatchFilter": {
    "filterRL": [],
    "currentKeyword": [],
    "message": [],
    "results": [],
    "selectionIndex": [],
    "onKeyPress": [],
    "stdin": [],
    "stdout": [],
    "constructor": [
      "message",
      "param",
      "param"
    ],
    "filter": [
      "filterFunc"
    ],
    "filterHandler": [
      "filterFunc",
      "onSubmit"
    ],
    "render": [],
    "keywordOffset": [],
    "promptLine": [],
    "eraseAndPrint": [
      "str"
    ],
    "close": [],
    "restoreCursor": [],
    "write": [
      "data"
    ],
    "getLastResults": []
  },
  "printShortcutsHelp": [],
  "traverseFilteredTestNames": [
    "parentName",
    "filter",
    "t"
  ],
  "getFilteredTestNames": [
    "pattern",
    "suite"
  ],
  "registerConsoleShortcuts": [
    "ctx",
    "param",
    "stdout"
  ],
  "_keypressHandler": [
    "str",
    "key"
  ],
  "keypressHandler": [
    "str",
    "key"
  ],
  "inputNamePattern": [],
  "inputProjectName": [],
  "inputFilePattern": [],
  "on": [],
  "off": [],
  "startVitest": [
    "mode",
    "param",
    "param",
    "viteOverrides",
    "vitestOptions"
  ],
  "prepareVitest": [
    "mode",
    "param",
    "viteOverrides",
    "vitestOptions",
    "cliFilters"
  ],
  "processCollected": [
    "ctx",
    "files",
    "options"
  ],
  "outputFileList": [
    "files",
    "options"
  ],
  "outputJsonFileList": [
    "files",
    "options"
  ],
  "formatFilesAsJSON": [
    "files"
  ],
  "formatFilesAsString": [
    "files",
    "options"
  ],
  "processJsonOutput": [
    "files",
    "options"
  ],
  "forEachSuite": [
    "modules",
    "callback"
  ],
  "formatCollectedAsJSON": [
    "files"
  ],
  "formatCollectedAsString": [
    "testModules"
  ],
  "getEnvPackageName": [
    "env"
  ],
  "getTaskIdByStack": [
    "root"
  ],
  "createCustomConsole": [
    "defaultState"
  ],
  "queueCancelableMicrotask": [
    "callback"
  ],
  "state": [],
  "schedule": [
    "taskId"
  ],
  "sendStdout": [
    "taskId"
  ],
  "sendStderr": [
    "taskId"
  ],
  "sendBuffer": [
    "type",
    "taskId"
  ],
  "sendLog": [
    "type",
    "taskId",
    "content",
    "size",
    "origin"
  ],
  "withTrailingSlash": [
    "param",
    "respectQueryAndFragment"
  ],
  "isNonEmptyURL": [
    "url"
  ],
  "joinURL": [
    "base",
    "param"
  ],
  "normalizeSlash": [
    "path"
  ],
  "formatList": [
    "array",
    "param"
  ],
  "createError": [
    "sym",
    "value",
    "constructor"
  ],
  "makeNodeErrorWithCode": [
    "Base",
    "key"
  ],
  "NodeError": [
    "param"
  ],
  "isErrorStackTraceLimitWritable": [],
  "hideStackFrames": [
    "wrappedFunction"
  ],
  "getMessage": [
    "key",
    "parameters",
    "self"
  ],
  "determineSpecificType": [
    "value"
  ],
  "read": [
    "jsonPath",
    "param"
  ],
  "getPackageScopeConfig": [
    "resolved"
  ],
  "getPackageType": [
    "url"
  ],
  "mimeToFormat": [
    "mime"
  ],
  "getDataProtocolModuleFormat": [
    "parsed"
  ],
  "extname": [
    "p"
  ],
  "getFileProtocolModuleFormat": [
    "url",
    "_context",
    "ignoreErrors"
  ],
  "getHttpProtocolModuleFormat": [],
  "defaultGetFormatWithoutErrors": [
    "url",
    "context"
  ],
  "emitInvalidSegmentDeprecation": [
    "target",
    "request",
    "match",
    "packageJsonUrl",
    "internal",
    "base",
    "isTarget"
  ],
  "emitLegacyIndexDeprecation": [
    "url",
    "packageJsonUrl",
    "base",
    "main"
  ],
  "fileExists": [
    "url"
  ],
  "legacyMainResolve": [
    "packageJsonUrl",
    "packageConfig",
    "base"
  ],
  "finalizeResolution": [
    "resolved",
    "base",
    "preserveSymlinks"
  ],
  "importNotDefined": [
    "specifier",
    "packageJsonUrl",
    "base"
  ],
  "exportsNotFound": [
    "subpath",
    "packageJsonUrl",
    "base"
  ],
  "throwInvalidSubpath": [
    "request",
    "match",
    "packageJsonUrl",
    "internal",
    "base"
  ],
  "invalidPackageTarget": [
    "subpath",
    "target",
    "packageJsonUrl",
    "internal",
    "base"
  ],
  "resolvePackageTargetString": [
    "target",
    "subpath",
    "match",
    "packageJsonUrl",
    "base",
    "pattern",
    "internal",
    "isPathMap",
    "conditions"
  ],
  "isArrayIndex": [
    "key"
  ],
  "resolvePackageTarget": [
    "packageJsonUrl",
    "target",
    "subpath",
    "packageSubpath",
    "base",
    "pattern",
    "internal",
    "isPathMap",
    "conditions"
  ],
  "isConditionalExportsMainSugar": [
    "exports$1",
    "packageJsonUrl",
    "base"
  ],
  "emitTrailingSlashPatternDeprecation": [
    "match",
    "pjsonUrl",
    "base"
  ],
  "packageExportsResolve": [
    "packageJsonUrl",
    "packageSubpath",
    "packageConfig",
    "base",
    "conditions"
  ],
  "patternKeyCompare": [
    "a",
    "b"
  ],
  "packageImportsResolve": [
    "name",
    "base",
    "conditions"
  ],
  "parsePackageName": [
    "specifier",
    "base"
  ],
  "packageResolve": [
    "specifier",
    "base",
    "conditions"
  ],
  "isRelativeSpecifier": [
    "specifier"
  ],
  "shouldBeTreatedAsRelativeOrAbsolutePath": [
    "specifier"
  ],
  "moduleResolve": [
    "specifier",
    "base",
    "conditions",
    "preserveSymlinks"
  ],
  "fileURLToPath": [
    "id"
  ],
  "pathToFileURL": [
    "id"
  ],
  "normalizeid": [
    "id"
  ],
  "_tryModuleResolve": [
    "id",
    "url",
    "conditions"
  ],
  "_resolve$1": [
    "id",
    "param"
  ],
  "resolveSync": [
    "id",
    "options"
  ],
  "resolvePathSync": [
    "id",
    "options"
  ],
  "QuansyncError": {
    "constructor": [
      "param"
    ]
  },
  "isThenable": [
    "value"
  ],
  "isQuansyncGenerator": [
    "value"
  ],
  "fromObject": [
    "options"
  ],
  "generator": [
    "param"
  ],
  "fn": [
    "param"
  ],
  "fromPromise": [
    "promise"
  ],
  "unwrapYield": [
    "value",
    "isAsync"
  ],
  "DEFAULT_ON_YIELD": [
    "value"
  ],
  "iterateSync": [
    "generator",
    "param"
  ],
  "iterateAsync": [
    "generator",
    "param"
  ],
  "fromGeneratorFn": [
    "generatorFn",
    "options"
  ],
  "quansync$1": [
    "input",
    "options"
  ],
  "toPath": [
    "urlOrPath"
  ],
  "findUp$1": [
    "name",
    "param"
  ],
  "findUpSync": [
    "name",
    "param"
  ],
  "_resolve": [
    "path",
    "param"
  ],
  "resolveModule": [
    "name",
    "param"
  ],
  "isPackageExists": [
    "name",
    "param"
  ],
  "getPackageJsonPath": [
    "name",
    "param"
  ],
  "resolvePackage": [
    "name",
    "param"
  ],
  "searchPackageJSON": [
    "dir"
  ],
  "getWorkersCountByPercentage": [
    "percent"
  ],
  "BaseSequencer": {
    "ctx": [],
    "constructor": [
      "ctx"
    ],
    "shard": [
      "files"
    ],
    "sort": [
      "files"
    ],
    "calculateShardRange": []
  },
  "RandomSequencer": {
    "sort": [
      "files"
    ]
  },
  "resolvePath": [
    "path",
    "root"
  ],
  "parseInspector": [
    "inspect"
  ],
  "resolveApiServerConfig": [
    "options",
    "defaultPort"
  ],
  "resolveInlineWorkerOption": [
    "value"
  ],
  "resolveConfig$1": [
    "vitest",
    "options",
    "viteConfig"
  ],
  "isBrowserEnabled": [
    "config"
  ],
  "resolveCoverageReporters": [
    "configReporters"
  ],
  "isChromiumName": [
    "provider",
    "name"
  ],
  "hasBrowserChromium": [
    "vitest",
    "config"
  ],
  "hasOnlyBrowserChromium": [
    "vitest",
    "config"
  ],
  "getCoverageProvider": [
    "options",
    "loader"
  ],
  "BaseCoverageProvider": {
    "ctx": [],
    "name": [],
    "version": [],
    "options": [],
    "globCache": [],
    "coverageFiles": [],
    "pendingPromises": [],
    "coverageFilesDirectory": [],
    "roots": [],
    "_initialize": [
      "ctx"
    ],
    "isIncluded": [
      "_filename",
      "root"
    ],
    "getUntestedFilesByRoot": [],
    "getUntestedFiles": [
      "testedFiles"
    ],
    "createCoverageMap": [],
    "generateReports": [
      "_",
      "__"
    ],
    "parseConfigModule": [
      "_"
    ],
    "resolveOptions": [],
    "clean": [
      "clean"
    ],
    "onAfterSuiteRun": [
      "param"
    ],
    "readCoverageFiles": [
      "param"
    ],
    "cleanAfterRun": [],
    "onTestFailure": [],
    "reportCoverage": [
      "coverageMap",
      "param"
    ],
    "reportThresholds": [
      "coverageMap",
      "allTestsRun"
    ],
    "resolveThresholds": [],
    "checkThresholds": [],
    "updateThresholds": [
      "param"
    ],
    "mergeReports": [
      "coverageMaps"
    ],
    "hasTerminalReporter": [
      "reporters"
    ],
    "toSlices": [
      "array",
      "size"
    ],
    "createUncoveredFileTransformer": [
      "ctx"
    ]
  },
  "resolveGlobThresholds": [
    "thresholds"
  ],
  "assertConfigurationModule": [
    "config"
  ],
  "resolveConfig": [
    "param",
    "param"
  ],
  "resolveDefineConfig": [
    "mod"
  ],
  "resolveMergeConfig": [
    "mod"
  ],
  "resolveCoverageProviderModule": [
    "options",
    "loader"
  ],
  "getExampleTest": [
    "framework"
  ],
  "generateExampleFiles": [
    "framework",
    "lang"
  ],
  "getProviderOptions": [],
  "getBrowserNames": [
    "provider"
  ],
  "getFramework": [],
  "getFrameworkTestPackage": [
    "framework"
  ],
  "getFrameworkPluginPackage": [
    "framework"
  ],
  "getLanguageOptions": [],
  "installPackages": [
    "pkgManager",
    "packages"
  ],
  "readPkgJson": [
    "path"
  ],
  "getPossibleDefaults": [
    "dependencies"
  ],
  "getPossibleFramework": [
    "dependencies"
  ],
  "getPossibleProvider": [
    "dependencies"
  ],
  "getProviderDocsLink": [
    "provider"
  ],
  "sort": [
    "line"
  ],
  "fail": [],
  "getFrameworkImportInfo": [
    "framework"
  ],
  "generateFrameworkConfigFile": [
    "options"
  ],
  "updatePkgJsonScripts": [
    "pkgJsonPath",
    "vitestScript"
  ],
  "getRunScript": [
    "pkgManager"
  ],
  "getPlaywrightRunArgs": [
    "pkgManager"
  ],
  "create": [],
  "MockDate": {
    "constructor": [
      "y",
      "m",
      "d",
      "h",
      "M",
      "s",
      "ms"
    ]
  },
  "mockDate": [
    "date"
  ],
  "resetDate": [],
  "VitestEvaluatedModules": {
    "getModuleSourceMapById": [
      "id"
    ]
  },
  "VitestGit": {
    "root": [],
    "constructor": [
      "cwd"
    ],
    "resolveFilesWithGitCommand": [
      "args"
    ],
    "findChangedFiles": [
      "options"
    ],
    "getFilesSince": [
      "hash"
    ],
    "getStagedFiles": [],
    "getUnstagedFiles": [],
    "getRoot": [
      "cwd"
    ]
  },
  "registerApiGlobally": [],
  "setupChaiConfig": [
    "config"
  ],
  "resolveSnapshotEnvironment": [
    "config",
    "executor"
  ],
  "getTestRunnerConstructor": [
    "config",
    "moduleRunner"
  ],
  "resolveTestRunner": [
    "config",
    "moduleRunner",
    "traces"
  ],
  "createBenchmarkJsonReport": [
    "files"
  ],
  "flattenFormattedBenchmarkReport": [
    "report"
  ],
  "formatNumber": [
    "number"
  ],
  "renderBenchmarkItems": [
    "result"
  ],
  "computeColumnWidths": [
    "results"
  ],
  "padRow": [
    "row",
    "widths"
  ],
  "renderTableHead": [
    "widths"
  ],
  "renderBenchmark": [
    "result",
    "widths"
  ],
  "renderTable": [
    "options"
  ],
  "BenchmarkReporter": {
    "compare": [],
    "onInit": [
      "ctx"
    ],
    "onTaskUpdate": [
      "packs"
    ],
    "onTestSuiteResult": [
      "testSuite"
    ],
    "printTestModule": [
      "testModule"
    ],
    "printSuiteTable": [],
    "onTestRunEnd": [
      "testModules",
      "unhandledErrors",
      "reason"
    ]
  },
  "VerboseBenchmarkReporter": {
    "verbose": []
  },
  "createPromiseWithResolvers": [],
  "nanoid": [
    "param"
  ],
  "defaultSerialize": [
    "i"
  ],
  "createBirpc": [
    "$functions",
    "options"
  ],
  "_call": [
    "method",
    "args",
    "event",
    "optional"
  ],
  "send": [
    "response"
  ],
  "handler": [
    "param"
  ],
  "sendEvent": [
    "param"
  ],
  "sendCall": [
    "param"
  ],
  "$close": [
    "customError"
  ],
  "$rejectPendingCalls": [
    "handler"
  ],
  "getWindowKeys": [
    "global",
    "win",
    "param"
  ],
  "isClassLikeName": [
    "name"
  ],
  "populateGlobal": [
    "global",
    "win",
    "param"
  ],
  "teardownWindow": [
    "win"
  ],
  "catchWindowErrors": [
    "window"
  ],
  "throwUnhandlerError": [
    "e"
  ],
  "createCompatRequest": [
    "utils"
  ],
  "createJSDOMCompatURL": [
    "utils"
  ],
  "createCompatUtils": [
    "window"
  ],
  "patchAddEventListener": [
    "window"
  ],
  "getJsdomAbortController": [
    "signal"
  ],
  "populateNodeGlobals": [],
  "pathExists": [
    "path2",
    "type"
  ],
  "lookup": [
    "param"
  ],
  "parsePackageJson": [
    "filepath",
    "onUnknown"
  ],
  "detect": [
    "param"
  ],
  "getNameAndVer": [
    "pkg"
  ],
  "handelVer": [
    "version"
  ],
  "handlePackageManager": [
    "filepath",
    "onUnknown"
  ],
  "isMetadataYarnClassic": [
    "metadataPath"
  ],
  "detectPackageManager": [
    "param"
  ],
  "installPackage": [
    "names",
    "param"
  ],
  "absolute": [
    "input",
    "root"
  ],
  "up": [
    "base",
    "options"
  ],
  "any": [
    "names",
    "options"
  ],
  "requireKleur": [],
  "chain": [
    "has",
    "keys"
  ],
  "requireAction$1": [],
  "requireStrip$1": [],
  "requireSrc": [],
  "requireClear$1": [],
  "_createForOfIteratorHelper": [
    "o",
    "allowArrayLike"
  ],
  "F": [],
  "_unsupportedIterableToArray": [
    "o",
    "minLen"
  ],
  "_arrayLikeToArray": [
    "arr",
    "len"
  ],
  "width": [
    "str"
  ],
  "requireFigures$1": [],
  "requireStyle$1": [],
  "render": [
    "type"
  ],
  "symbol": [
    "done",
    "aborted",
    "exited"
  ],
  "delimiter": [
    "completing"
  ],
  "item": [
    "expandable",
    "expanded"
  ],
  "requireLines$1": [],
  "requireWrap$1": [],
  "requireEntriesToDisplay$1": [],
  "requireUtil$1": [],
  "requirePrompt$1": [],
  "Prompt": {
    "constructor": [
      "param"
    ],
    "fire": [],
    "bell": [],
    "render": []
  },
  "keypress": [
    "str",
    "key"
  ],
  "requireText$1": [],
  "asyncGeneratorStep": [
    "gen",
    "resolve",
    "reject",
    "_next",
    "_throw",
    "key",
    "arg"
  ],
  "_asyncToGenerator": [
    "fn"
  ],
  "_next": [
    "value"
  ],
  "_throw": [
    "err"
  ],
  "TextPrompt": {
    "constructor": [
      "param"
    ],
    "value": [],
    "reset": [],
    "exit": [],
    "abort": [],
    "validate": [],
    "submit": [],
    "next": [],
    "moveCursor": [
      "n"
    ],
    "_": [
      "c",
      "key"
    ],
    "delete": [],
    "deleteForward": [],
    "first": [],
    "last": [],
    "left": [],
    "right": [],
    "isCursorAtStart": [],
    "isCursorAtEnd": [],
    "render": []
  },
  "requireSelect$1": [],
  "SelectPrompt": {
    "constructor": [
      "param"
    ],
    "moveCursor": [
      "n"
    ],
    "reset": [],
    "exit": [],
    "abort": [],
    "submit": [],
    "first": [],
    "last": [],
    "up": [],
    "down": [],
    "next": [],
    "_": [
      "c",
      "key"
    ],
    "selection": [],
    "render": []
  },
  "requireToggle$1": [],
  "TogglePrompt": {
    "constructor": [
      "param"
    ],
    "reset": [],
    "exit": [],
    "abort": [],
    "submit": [],
    "deactivate": [],
    "activate": [],
    "delete": [],
    "left": [],
    "right": [],
    "down": [],
    "up": [],
    "next": [],
    "_": [
      "c",
      "key"
    ],
    "render": []
  },
  "requireDatepart$1": [],
  "DatePart": {
    "constructor": [
      "param"
    ],
    "up": [],
    "down": [],
    "next": [],
    "setTo": [
      "val"
    ],
    "prev": [],
    "toString": []
  },
  "requireMeridiem$1": [],
  "Meridiem": {
    "constructor": [
      "param"
    ],
    "up": [],
    "down": [],
    "toString": []
  },
  "requireDay$1": [],
  "pos": [
    "n"
  ],
  "Day": {
    "constructor": [
      "param"
    ],
    "up": [],
    "down": [],
    "setTo": [
      "val"
    ],
    "toString": []
  },
  "requireHours$1": [],
  "Hours": {
    "constructor": [
      "param"
    ],
    "up": [],
    "down": [],
    "setTo": [
      "val"
    ],
    "toString": []
  },
  "requireMilliseconds$1": [],
  "Milliseconds": {
    "constructor": [
      "param"
    ],
    "up": [],
    "down": [],
    "setTo": [
      "val"
    ],
    "toString": []
  },
  "requireMinutes$1": [],
  "Minutes": {
    "constructor": [
      "param"
    ],
    "up": [],
    "down": [],
    "setTo": [
      "val"
    ],
    "toString": []
  },
  "requireMonth$1": [],
  "Month": {
    "constructor": [
      "param"
    ],
    "up": [],
    "down": [],
    "setTo": [
      "val"
    ],
    "toString": []
  },
  "requireSeconds$1": [],
  "Seconds": {
    "constructor": [
      "param"
    ],
    "up": [],
    "down": [],
    "setTo": [
      "val"
    ],
    "toString": []
  },
  "requireYear$1": [],
  "Year": {
    "constructor": [
      "param"
    ],
    "up": [],
    "down": [],
    "setTo": [
      "val"
    ],
    "toString": []
  },
  "requireDateparts$1": [],
  "requireDate$1": [],
  "DatePrompt": {
    "constructor": [
      "param"
    ],
    "value": [],
    "date": [
      "date"
    ],
    "mask": [
      "mask"
    ],
    "moveCursor": [
      "n"
    ],
    "reset": [],
    "exit": [],
    "abort": [],
    "validate": [],
    "submit": [],
    "up": [],
    "down": [],
    "left": [],
    "right": [],
    "next": [],
    "_": [
      "c"
    ],
    "render": []
  },
  "requireNumber$1": [],
  "isDef": [
    "any"
  ],
  "round": [
    "number",
    "precision"
  ],
  "NumberPrompt": {
    "constructor": [
      "param"
    ],
    "value": [],
    "parse": [
      "x"
    ],
    "valid": [
      "c"
    ],
    "reset": [],
    "exit": [],
    "abort": [],
    "validate": [],
    "submit": [],
    "up": [],
    "down": [],
    "delete": [],
    "next": [],
    "_": [
      "c",
      "key"
    ],
    "render": []
  },
  "requireMultiselect$1": [],
  "MultiselectPrompt": {
    "constructor": [
      "param"
    ],
    "reset": [],
    "selected": [],
    "exit": [],
    "abort": [],
    "submit": [],
    "first": [],
    "last": [],
    "next": [],
    "up": [],
    "down": [],
    "left": [],
    "right": [],
    "handleSpaceToggle": [],
    "toggleAll": [],
    "_": [
      "c",
      "key"
    ],
    "renderInstructions": [],
    "renderOption": [
      "cursor",
      "v",
      "i",
      "arrowIndicator"
    ],
    "paginateOptions": [
      "options"
    ],
    "renderOptions": [
      "options"
    ],
    "renderDoneOrInstructions": [],
    "render": []
  },
  "requireAutocomplete$1": [],
  "getVal": [
    "arr",
    "i"
  ],
  "getTitle": [
    "type"
  ],
  "getIndex": [
    "arr",
    "valOrTitle"
  ],
  "AutocompletePrompt": {
    "constructor": [
      "param"
    ],
    "fallback": [],
    "moveSelect": [
      "i"
    ],
    "complete": [
      "cb"
    ],
    "reset": [],
    "exit": [],
    "abort": [],
    "submit": [],
    "_": [
      "c",
      "key"
    ],
    "delete": [],
    "deleteForward": [],
    "first": [],
    "last": [],
    "up": [],
    "down": [],
    "next": [],
    "nextPage": [],
    "prevPage": [],
    "left": [],
    "right": [],
    "renderOption": [
      "v",
      "hovered",
      "isStart",
      "isEnd"
    ],
    "render": []
  },
  "requireAutocompleteMultiselect$1": [],
  "AutocompleteMultiselectPrompt": {
    "constructor": [
      "param"
    ],
    "last": [],
    "next": [],
    "up": [],
    "down": [],
    "left": [],
    "right": [],
    "delete": [],
    "updateFilteredOptions": [],
    "handleSpaceToggle": [],
    "handleInputChange": [
      "c"
    ],
    "_": [
      "c",
      "key"
    ],
    "renderInstructions": [],
    "renderCurrentInput": [],
    "renderOption": [
      "cursor",
      "v",
      "i"
    ],
    "renderDoneOrInstructions": [],
    "render": []
  },
  "requireConfirm$1": [],
  "ConfirmPrompt": {
    "constructor": [
      "param"
    ],
    "reset": [],
    "exit": [],
    "abort": [],
    "submit": [],
    "_": [
      "c",
      "key"
    ],
    "render": []
  },
  "requireElements$1": [],
  "requirePrompts$2": [],
  "noop": [
    "_",
    "value"
  ],
  "toPrompt": [
    "type",
    "args",
    "param"
  ],
  "toSelected": [
    "items"
  ],
  "byTitle": [
    "input",
    "choices"
  ],
  "requireDist": [],
  "ownKeys": [
    "object",
    "enumerableOnly"
  ],
  "_objectSpread": [
    "target"
  ],
  "_defineProperty": [
    "obj",
    "key",
    "value"
  ],
  "prompt": [
    "param",
    "param"
  ],
  "_prompt": [],
  "getInjectedAnswer": [
    "injected",
    "deafultValue"
  ],
  "inject": [
    "key"
  ],
  "override": [
    "answers"
  ],
  "requireAction": [],
  "requireStrip": [],
  "requireClear": [],
  "requireFigures": [],
  "requireStyle": [],
  "requireLines": [],
  "requireWrap": [],
  "requireEntriesToDisplay": [],
  "requireUtil": [],
  "requirePrompt": [],
  "requireText": [],
  "requireSelect": [],
  "requireToggle": [],
  "requireDatepart": [],
  "requireMeridiem": [],
  "requireDay": [],
  "requireHours": [],
  "requireMilliseconds": [],
  "requireMinutes": [],
  "requireMonth": [],
  "requireSeconds": [],
  "requireYear": [],
  "requireDateparts": [],
  "requireDate": [],
  "requireNumber": [],
  "requireMultiselect": [],
  "requireAutocomplete": [],
  "requireAutocompleteMultiselect": [],
  "requireConfirm": [],
  "requireElements": [],
  "requirePrompts$1": [],
  "requireLib": [],
  "getFormattedAnswer": [
    "question",
    "answer",
    "param"
  ],
  "requirePrompts": [],
  "isNodeLT": [
    "tar"
  ],
  "primitives": [
    "value"
  ],
  "Primitives": [
    "_",
    "value"
  ],
  "revive": [
    "input",
    "parsed",
    "output",
    "$"
  ],
  "set": [
    "known",
    "input",
    "value"
  ],
  "parse$1": [
    "text",
    "reviver"
  ],
  "stringify": [
    "value",
    "replacer",
    "space"
  ],
  "replace": [
    "key",
    "value"
  ],
  "getOutputFile": [
    "config",
    "reporter"
  ],
  "createDefinesScript": [
    "define"
  ],
  "serializeDefine": [
    "define"
  ],
  "handleDefineValue": [
    "value"
  ],
  "BlobReporter": {
    "start": [],
    "ctx": [],
    "options": [],
    "coverage": [],
    "constructor": [
      "options"
    ],
    "onInit": [
      "ctx"
    ],
    "onCoverage": [
      "coverage"
    ],
    "onTestRunEnd": [
      "testModules",
      "unhandledErrors"
    ]
  },
  "writeBlob": [
    "content",
    "filename"
  ],
  "readBlobs": [
    "currentVersion",
    "blobsDirectory",
    "projectsArray"
  ],
  "groupBy": [
    "collection",
    "iteratee"
  ],
  "stdout": [],
  "escapeRegExp": [
    "s"
  ],
  "wildcardPatternToRegExp": [
    "pattern"
  ],
  "createIndexLocationsMap": [
    "source"
  ],
  "createLocationsIndexMap": [
    "source"
  ],
  "hasFailedSnapshot": [
    "suite"
  ],
  "convertTasksToEvents": [
    "file",
    "onTask"
  ],
  "visit": [
    "suiteState",
    "children"
  ],
  "getCols": [
    "param"
  ],
  "errorBanner": [
    "message"
  ],
  "divider": [
    "text",
    "left",
    "right",
    "color"
  ],
  "formatTestPath": [
    "root",
    "path"
  ],
  "renderSnapshotSummary": [
    "rootDir",
    "snapshots"
  ],
  "countTestErrors": [
    "tasks"
  ],
  "getStateString$1": [
    "tasks",
    "param",
    "param"
  ],
  "getStateSymbol": [
    "task"
  ],
  "formatTimeString": [
    "date"
  ],
  "formatTime": [
    "time"
  ],
  "formatProjectName": [
    "project",
    "param"
  ],
  "withLabel": [
    "color",
    "label",
    "message"
  ],
  "padSummaryTitle": [
    "str"
  ],
  "truncateString": [
    "text",
    "maxLength"
  ],
  "capitalize": [
    "text"
  ],
  "BaseReporter": {
    "start": [],
    "end": [],
    "watchFilters": [],
    "failedUnwatchedFiles": [],
    "isTTY": [],
    "ctx": [],
    "renderSucceed": [],
    "verbose": [],
    "_filesInWatchMode": [],
    "_timeStart": [],
    "constructor": [
      "options"
    ],
    "onInit": [
      "ctx"
    ],
    "log": [
      "param"
    ],
    "error": [
      "param"
    ],
    "relative": [
      "path"
    ],
    "onTestRunStart": [
      "_specifications"
    ],
    "onTestRunEnd": [
      "testModules",
      "unhandledErrors",
      "_reason"
    ],
    "onTestCaseResult": [
      "testCase"
    ],
    "onTestSuiteResult": [
      "testSuite"
    ],
    "onTestModuleEnd": [
      "testModule"
    ],
    "logFailedTask": [],
    "printTestModule": [
      "testModule"
    ],
    "printTestCase": [
      "moduleState",
      "test"
    ],
    "getModuleLog": [],
    "printTestSuite": [
      "testSuite"
    ],
    "getTestName": [
      "test",
      "_separator"
    ],
    "getFullName": [
      "test",
      "separator"
    ],
    "getTestIndentation": [
      "test"
    ],
    "printAnnotations": [
      "test",
      "console",
      "padding"
    ],
    "getEntityPrefix": [
      "entity"
    ],
    "getTestCaseSuffix": [
      "testCase"
    ],
    "getStateSymbol": [
      "test"
    ],
    "getDurationPrefix": [],
    "onWatcherStart": [
      "files",
      "errors"
    ],
    "onWatcherRerun": [
      "files",
      "trigger"
    ],
    "onUserConsoleLog": [
      "log",
      "taskState"
    ],
    "onTestRemoved": [
      "trigger"
    ],
    "shouldLog": [
      "log",
      "taskState"
    ],
    "onServerRestart": [
      "reason"
    ],
    "reportSummary": [
      "files",
      "errors"
    ],
    "reportTestSummary": [
      "files",
      "errors"
    ],
    "printImportsBreakdown": [],
    "importDurationTime": [],
    "ellipsisPath": [],
    "printErrorsSummary": [],
    "reportBenchmarkSummary": [
      "files"
    ],
    "printTaskErrors": []
  },
  "write": [
    "msg"
  ],
  "errorDivider": [],
  "sum": [
    "items",
    "cb"
  ],
  "getIndentation": [
    "suite",
    "param"
  ],
  "WindowRenderer": {
    "options": [],
    "streams": [],
    "buffer": [],
    "renderInterval": [],
    "renderScheduled": [],
    "windowHeight": [],
    "started": [],
    "finished": [],
    "cleanups": [],
    "constructor": [
      "options"
    ],
    "start": [],
    "stop": [],
    "finish": [],
    "schedule": [],
    "flushBuffer": [],
    "render": [
      "message",
      "param"
    ],
    "clearWindow": [],
    "interceptStream": [
      "stream",
      "type"
    ],
    "write": [
      "message",
      "param"
    ]
  },
  "getRenderedRowCount": [
    "rows",
    "columns"
  ],
  "SummaryReporter": {
    "ctx": [],
    "options": [],
    "renderer": [],
    "modules": [],
    "tests": [],
    "maxParallelTests": [],
    "runningModules": [],
    "finishedModules": [],
    "startTime": [],
    "currentTime": [],
    "duration": [],
    "durationInterval": [],
    "onInit": [
      "ctx",
      "param"
    ],
    "onTestRunStart": [
      "specifications"
    ],
    "onTestRunEnd": [],
    "onTestModuleQueued": [
      "module"
    ],
    "onTestModuleCollected": [
      "module"
    ],
    "onHookStart": [
      "options"
    ],
    "onHookEnd": [
      "options"
    ],
    "onTestCaseReady": [
      "test"
    ],
    "onTestCaseResult": [
      "test"
    ],
    "onTestModuleEnd": [
      "module"
    ],
    "getHookStats": [
      "param"
    ],
    "createSummary": [],
    "startTimers": [],
    "removeTestModule": [
      "id"
    ]
  },
  "emptyCounters": [],
  "getStateString": [
    "entry"
  ],
  "sortRunningModules": [
    "a",
    "b"
  ],
  "initializeStats": [
    "module"
  ],
  "DefaultReporter": {
    "options": [],
    "summary": [],
    "constructor": [
      "options"
    ],
    "onTestRunStart": [
      "specifications"
    ],
    "onTestRunEnd": [
      "testModules",
      "unhandledErrors",
      "reason"
    ],
    "onTestModuleQueued": [
      "file"
    ],
    "onTestModuleCollected": [
      "module"
    ],
    "onTestModuleEnd": [
      "module"
    ],
    "onTestCaseReady": [
      "test"
    ],
    "onTestCaseResult": [
      "test"
    ],
    "onHookStart": [
      "hook"
    ],
    "onHookEnd": [
      "hook"
    ],
    "onInit": [
      "ctx"
    ]
  },
  "DotReporter": {
    "renderer": [],
    "tests": [],
    "finishedTests": [],
    "onInit": [
      "ctx"
    ],
    "printTestModule": [],
    "onWatcherRerun": [
      "files",
      "trigger"
    ],
    "onTestRunEnd": [
      "testModules",
      "unhandledErrors",
      "reason"
    ],
    "onTestModuleCollected": [
      "module"
    ],
    "onTestCaseReady": [
      "test"
    ],
    "onTestCaseResult": [
      "test"
    ],
    "onTestModuleEnd": [
      "testModule"
    ],
    "createSummary": []
  },
  "getIcon": [
    "state"
  ],
  "formatTests": [
    "states"
  ],
  "decodeInteger": [
    "reader",
    "relative"
  ],
  "hasMoreVlq": [
    "reader",
    "max"
  ],
  "decode": [
    "mappings"
  ],
  "sortComparator$1": [
    "a",
    "b"
  ],
  "isAbsoluteUrl": [
    "input"
  ],
  "isSchemeRelativeUrl": [
    "input"
  ],
  "isAbsolutePath": [
    "input"
  ],
  "isFileUrl": [
    "input"
  ],
  "isRelative": [
    "input"
  ],
  "parseAbsoluteUrl": [
    "input"
  ],
  "parseFileUrl": [
    "input"
  ],
  "makeUrl": [
    "scheme",
    "user",
    "host",
    "port",
    "path",
    "query",
    "hash"
  ],
  "parseUrl": [
    "input"
  ],
  "stripPathFilename": [
    "path"
  ],
  "mergePaths": [
    "url",
    "base"
  ],
  "normalizePath": [
    "url",
    "type"
  ],
  "stripFilename": [
    "path"
  ],
  "resolver": [
    "mapUrl",
    "sourceRoot"
  ],
  "maybeSort": [
    "mappings",
    "owned"
  ],
  "nextUnsortedSegmentLine": [
    "mappings",
    "start"
  ],
  "isSorted": [
    "line"
  ],
  "sortSegments": [
    "line",
    "owned"
  ],
  "sortComparator": [
    "a",
    "b"
  ],
  "buildBySources": [
    "decoded",
    "memos"
  ],
  "binarySearch": [
    "haystack",
    "needle",
    "low",
    "high"
  ],
  "upperBound": [
    "haystack",
    "needle",
    "index"
  ],
  "lowerBound": [
    "haystack",
    "needle",
    "index"
  ],
  "memoizedState": [],
  "memoizedBinarySearch": [
    "haystack",
    "needle",
    "state",
    "key"
  ],
  "cast": [
    "map"
  ],
  "decodedMappings": [
    "map"
  ],
  "originalPositionFor": [
    "map",
    "needle"
  ],
  "generatedPositionFor": [
    "map",
    "needle"
  ],
  "eachMapping": [
    "map",
    "cb"
  ],
  "OMapping": [
    "source",
    "line",
    "column",
    "name"
  ],
  "GMapping": [
    "line",
    "column"
  ],
  "traceSegmentInternal": [
    "segments",
    "memo",
    "line",
    "column",
    "bias"
  ],
  "generatedPosition": [
    "map",
    "source",
    "line",
    "column",
    "bias",
    "all"
  ],
  "ancestor": [
    "node",
    "visitors",
    "baseVisitor",
    "state",
    "override"
  ],
  "skipThrough": [
    "node",
    "st",
    "c"
  ],
  "ignore": [
    "_node",
    "_st",
    "_c"
  ],
  "makeTscErrorInfo": [
    "errInfo"
  ],
  "getRawErrsMapFromTsCompile": [
    "tscErrorStdout"
  ],
  "TypeCheckError": {
    "message": [],
    "stacks": [],
    "name": [],
    "constructor": [
      "message",
      "stacks"
    ]
  },
  "Typechecker": {
    "_onParseStart": [],
    "_onParseEnd": [],
    "_onWatcherRerun": [],
    "_result": [],
    "_startTime": [],
    "_output": [],
    "_tests": [],
    "process": [],
    "files": [],
    "constructor": [
      "project"
    ],
    "setFiles": [
      "files"
    ],
    "onParseStart": [
      "fn"
    ],
    "onParseEnd": [
      "fn"
    ],
    "onWatcherRerun": [
      "fn"
    ],
    "collectFileTests": [
      "filepath"
    ],
    "getFiles": [],
    "collectTests": [],
    "markPassed": [
      "file"
    ],
    "prepareResults": [
      "output"
    ],
    "parseTscLikeOutput": [
      "output"
    ],
    "stop": [],
    "ensurePackageInstalled": [
      "ctx",
      "checker"
    ],
    "getExitCode": [],
    "getOutput": [],
    "spawn": [],
    "start": [],
    "getResult": [],
    "getTestFiles": [],
    "getTestPacksAndEvents": []
  },
  "markTasks": [
    "tasks"
  ],
  "markState": [
    "task",
    "state"
  ],
  "findGeneratedPosition": [
    "traceMap",
    "param"
  ],
  "capturePrintError": [
    "error",
    "ctx",
    "options"
  ],
  "printError": [
    "error",
    "ctx",
    "logger",
    "options"
  ],
  "printErrorInner": [
    "error",
    "project",
    "options"
  ],
  "printErrorType": [
    "type",
    "ctx"
  ],
  "getErrorProperties": [
    "e"
  ],
  "handleImportOutsideModuleError": [
    "stack",
    "logger"
  ],
  "printModuleWarningForPackage": [
    "logger",
    "path",
    "name"
  ],
  "printModuleWarningForSourceCode": [
    "logger",
    "path"
  ],
  "printErrorMessage": [
    "error",
    "logger"
  ],
  "printStack": [
    "logger",
    "project",
    "stack",
    "highlight",
    "errorProperties",
    "onStack"
  ],
  "hasProperties": [
    "obj"
  ],
  "generateCodeFrame": [
    "source",
    "param",
    "loc",
    "param"
  ],
  "lineNo": [
    "param"
  ],
  "GithubActionsReporter": {
    "ctx": [],
    "options": [],
    "constructor": [
      "options"
    ],
    "onInit": [
      "ctx"
    ],
    "onTestCaseAnnotate": [
      "testCase",
      "annotation"
    ],
    "onTestRunEnd": [
      "testModules",
      "unhandledErrors"
    ]
  },
  "getType": [
    "type"
  ],
  "defaultOnWritePath": [
    "path"
  ],
  "formatMessage": [
    "param"
  ],
  "escapeData": [
    "s"
  ],
  "escapeProperty": [
    "s"
  ],
  "HangingProcessReporter": {
    "whyRunning": [],
    "onInit": [],
    "onProcessTimeout": []
  },
  "JsonReporter": {
    "start": [],
    "ctx": [],
    "options": [],
    "coverageMap": [],
    "constructor": [
      "options"
    ],
    "onInit": [
      "ctx"
    ],
    "onCoverage": [
      "coverageMap"
    ],
    "onTestRunEnd": [
      "testModules"
    ],
    "writeReport": [
      "report"
    ]
  },
  "IndentedLogger": {
    "currentIndent": [],
    "constructor": [
      "baseLog"
    ],
    "indent": [],
    "unindent": [],
    "log": [
      "text"
    ]
  },
  "flattenTasks$1": [
    "task",
    "param"
  ],
  "removeInvalidXMLCharacters": [
    "value",
    "removeDiscouragedChars"
  ],
  "escapeXML": [
    "value"
  ],
  "executionTime": [
    "durationMS"
  ],
  "getDuration": [
    "task"
  ],
  "JUnitReporter": {
    "ctx": [],
    "reportFile": [],
    "baseLog": [],
    "logger": [],
    "_timeStart": [],
    "fileFd": [],
    "options": [],
    "constructor": [
      "options"
    ],
    "onInit": [
      "ctx"
    ],
    "writeElement": [
      "name",
      "attrs",
      "children"
    ],
    "writeLogs": [
      "task",
      "type"
    ],
    "writeTasks": [
      "tasks",
      "filename"
    ],
    "onTestRunEnd": [
      "testModules"
    ]
  },
  "yamlString": [
    "str"
  ],
  "tapString": [
    "str"
  ],
  "TapReporter": {
    "ctx": [],
    "logger": [],
    "onInit": [
      "ctx"
    ],
    "getComment": [
      "task"
    ],
    "logErrorDetails": [],
    "logTasks": [
      "tasks"
    ],
    "onTestRunEnd": [
      "testModules"
    ]
  },
  "flattenTasks": [
    "task",
    "param"
  ],
  "TapFlatReporter": {
    "onInit": [
      "ctx"
    ],
    "onTestRunEnd": [
      "testModules"
    ]
  },
  "TreeReporter": {
    "verbose": [],
    "renderSucceed": []
  },
  "VerboseReporter": {
    "verbose": [],
    "renderSucceed": [],
    "printTestModule": [
      "_module"
    ],
    "onTestCaseResult": [
      "test"
    ]
  },
  "assertType": [],
  "workerInit": [
    "options"
  ],
  "isBuiltinEnvironment": [
    "env"
  ],
  "createEnvironmentLoader": [
    "root",
    "rpc"
  ],
  "loadEnvironment": [
    "name",
    "root",
    "rpc",
    "traces"
  ],
  "onCleanup": [
    "cb"
  ],
  "onModuleRunner": [
    "cb"
  ],
  "emitModuleRunner": [
    "moduleRunner"
  ],
  "execute": [
    "method",
    "ctx",
    "worker",
    "traces"
  ],
  "teardown": [],
  "createImportMetaEnvProxy": [],
  "getFilesWithLocations": [
    "files"
  ],
  "setupInspect": [
    "ctx"
  ],
  "closeInspector": [
    "config"
  ],
  "shouldKeepOpen": [
    "config"
  ],
  "isBuiltin": [
    "id"
  ],
  "isNodeBuiltin": [
    "id"
  ],
  "isBrowserExternal": [
    "id"
  ],
  "toBuiltin": [
    "id"
  ],
  "VitestNodeSnapshotEnvironment": {
    "getHeader": [],
    "resolvePath": [
      "filepath"
    ]
  },
  "CoverageSummary": {
    "constructor": [
      "data"
    ],
    "merge": [
      "obj"
    ],
    "toJSON": [],
    "isEmpty": [],
    "data": [],
    "lines": [],
    "statements": [],
    "branches": [],
    "functions": []
  },
  "CoverageMap": {
    "constructor": [
      "data"
    ],
    "addFileCoverage": [
      "pathOrObject"
    ],
    "files": [],
    "fileCoverageFor": [
      "filename"
    ],
    "filter": [
      "callback"
    ],
    "getCoverageSummary": [],
    "merge": [
      "data"
    ],
    "toJSON": [],
    "data": []
  },
  "FileCoverage": {
    "constructor": [
      "data"
    ],
    "merge": [
      "other"
    ],
    "getBranchCoverageByLine": [],
    "getLineCoverage": [],
    "getUncoveredLines": [],
    "resetHits": [],
    "computeBranchTotals": [],
    "computeSimpleTotals": [],
    "toSummary": [],
    "toJSON": [],
    "data": [],
    "path": [],
    "statementMap": [],
    "fnMap": [],
    "branchMap": [],
    "s": [],
    "f": [],
    "b": []
  },
  "withSafeTimers": [
    "fn"
  ],
  "rpcDone": [],
  "onCancel": [
    "callback"
  ],
  "createRuntimeRpc": [
    "options"
  ],
  "createSafeRpc": [
    "rpc"
  ],
  "safeSendCall": [
    "param"
  ],
  "rpc": [],
  "startCoverageInsideWorker": [
    "options",
    "loader",
    "runtimeOptions"
  ],
  "takeCoverageInsideWorker": [
    "options",
    "loader"
  ],
  "stopCoverageInsideWorker": [
    "options",
    "loader",
    "runtimeOptions"
  ],
  "setupCommonEnv": [
    "config"
  ],
  "setupDefines": [
    "config"
  ],
  "setupEnv": [
    "env"
  ],
  "loadDiffConfig": [
    "config",
    "moduleRunner"
  ],
  "loadSnapshotSerializers": [
    "config",
    "moduleRunner"
  ],
  "VitestTransport": {
    "constructor": [
      "options"
    ],
    "invoke": [
      "event"
    ]
  },
  "normalizeWindowsPath": [
    "param"
  ],
  "normalize": [
    "path"
  ],
  "join": [
    "param"
  ],
  "cwd$1": [],
  "normalizeString": [
    "path",
    "allowAboveRoot"
  ],
  "isAbsolute": [
    "p"
  ],
  "dirname": [
    "p"
  ],
  "basename": [
    "p",
    "extension"
  ],
  "findMockRedirect": [
    "root",
    "mockPath",
    "external"
  ],
  "findFile": [
    "mockFolder",
    "baseOriginal"
  ],
  "VitestMocker": {
    "pendingIds": [],
    "spyModule": [],
    "primitives": [],
    "filterPublicKeys": [],
    "registries": [],
    "mockContext": [],
    "_otel": [],
    "constructor": [
      "moduleRunner",
      "options"
    ],
    "root": [],
    "evaluatedModules": [],
    "moduleDirectories": [],
    "initializeSpyModule": [],
    "getMockerRegistry": [],
    "reset": [],
    "invalidateModuleById": [
      "id"
    ],
    "isModuleDirectory": [
      "path"
    ],
    "getSuiteFilepath": [],
    "createError": [
      "message",
      "codeFrame"
    ],
    "resolveId": [
      "rawId",
      "importer"
    ],
    "resolveMocks": [],
    "ensureModule": [
      "id",
      "url"
    ],
    "callFunctionMock": [
      "id",
      "url",
      "mock"
    ],
    "getMockContext": [],
    "getMockPath": [
      "dep"
    ],
    "getDependencyMock": [
      "id"
    ],
    "findMockRedirect": [
      "mockPath",
      "external"
    ],
    "mockObject": [
      "object",
      "param",
      "param"
    ],
    "unmockPath": [
      "id"
    ],
    "mockPath": [
      "originalId",
      "id",
      "url",
      "external",
      "mockType",
      "factory"
    ],
    "importActual": [
      "rawId",
      "importer",
      "callstack"
    ],
    "importMock": [
      "rawId",
      "importer"
    ],
    "requestWithMockedModule": [
      "url",
      "evaluatedNode",
      "callstack",
      "mock"
    ],
    "mockedRequest": [
      "url",
      "evaluatedNode",
      "callstack"
    ],
    "queueMock": [
      "id",
      "importer",
      "factoryOrOptions"
    ],
    "queueUnmock": [
      "id",
      "importer"
    ]
  },
  "getMockType": [
    "factoryOrOptions"
  ],
  "normalizeModuleId": [
    "file"
  ],
  "slash": [
    "p"
  ],
  "fixLeadingSlashes": [
    "id"
  ],
  "createNodeImportMeta": [
    "modulePath"
  ],
  "createImportMetaResolver": [],
  "VitestModuleRunner": {
    "mocker": [],
    "moduleExecutionInfo": [],
    "_otel": [],
    "constructor": [
      "vitestOptions"
    ],
    "processImport": [
      "exports$1"
    ],
    "import": [
      "rawId"
    ],
    "fetchModule": [
      "url",
      "importer"
    ],
    "_cachedRequest": [
      "url",
      "module",
      "param",
      "metadata"
    ],
    "cachedRequest": [
      "url",
      "mod",
      "param",
      "metadata",
      "param"
    ],
    "_invalidateSubTreeById": [
      "ids",
      "param"
    ]
  },
  "getCachedVitestImport": [
    "id",
    "state"
  ],
  "listenForErrors": [
    "state"
  ],
  "catchError": [
    "err",
    "type",
    "event"
  ],
  "uncaughtException": [
    "e"
  ],
  "unhandledRejection": [
    "e"
  ],
  "startVitestModuleRunner": [
    "options"
  ],
  "environment": [],
  "createBenchmarkResult": [
    "name"
  ],
  "runBenchmarkSuite": [
    "suite",
    "runner"
  ],
  "addBenchTaskListener": [
    "task",
    "benchmark"
  ],
  "updateTask$1": [
    "event",
    "task"
  ],
  "NodeBenchmarkRunner": {
    "config": [],
    "moduleRunner": [],
    "constructor": [
      "config"
    ],
    "importTinybench": [],
    "importFile": [
      "filepath",
      "source"
    ],
    "runSuite": [
      "suite"
    ],
    "runTask": []
  },
  "VitestTestRunner": {
    "config": [],
    "snapshotClient": [],
    "workerState": [],
    "moduleRunner": [],
    "cancelRun": [],
    "assertionsErrors": [],
    "pool": [],
    "_otel": [],
    "viteEnvironment": [],
    "constructor": [
      "config"
    ],
    "importFile": [
      "filepath",
      "source"
    ],
    "onCollectStart": [
      "file"
    ],
    "onCleanupWorkerContext": [
      "listener"
    ],
    "onAfterRunFiles": [],
    "getWorkerContext": [],
    "onAfterRunSuite": [
      "suite"
    ],
    "onAfterRunTask": [
      "test"
    ],
    "cancel": [
      "_reason"
    ],
    "injectValue": [
      "key"
    ],
    "onBeforeRunTask": [
      "test"
    ],
    "onBeforeRunSuite": [
      "suite"
    ],
    "onBeforeTryTask": [
      "test"
    ],
    "onAfterTryTask": [
      "test"
    ],
    "extendTaskContext": [
      "context"
    ],
    "getImportDurations": [],
    "trace": [],
    "__setTraces": [
      "traces"
    ]
  },
  "clearModuleMocks": [
    "config"
  ],
  "Traces": {
    "constructor": [
      "options"
    ],
    "isEnabled": []
  },
  "noopSpan": [],
  "createNoopSpan": [],
  "noopContext": [],
  "createNoopContext": [],
  "getWorkerState": [],
  "provideWorkerState": [
    "context",
    "state"
  ],
  "isChildProcess": [],
  "resetModules": [
    "modules",
    "param"
  ],
  "waitNextTick": [],
  "waitForImportsToResolve": [],
  "throwWithCause": [
    "error",
    "source"
  ],
  "createExpectPoll": [
    "expect"
  ],
  "promise": [],
  "copyStackTrace$1": [
    "target",
    "source"
  ],
  "createAssertionMessage": [
    "util",
    "assertion",
    "hasArgs"
  ],
  "recordAsyncExpect": [
    "_test",
    "promise",
    "assertion",
    "error"
  ],
  "getSnapshotClient": [],
  "getError": [
    "expected",
    "promise"
  ],
  "getTestNames": [
    "test"
  ],
  "SnapshotPlugin": [
    "chai",
    "utils"
  ],
  "getTest": [
    "assertionName",
    "obj"
  ],
  "createExpect": [
    "test"
  ],
  "expect": [
    "value",
    "message"
  ],
  "assertions": [
    "expected"
  ],
  "errorGen": [],
  "hasAssertions": [],
  "requireGlobal": [],
  "requireThrowsOnProto": [],
  "requireCopyPrototypeMethods": [],
  "requireArray": [],
  "requireCalledInOrder": [],
  "hasCallsLeft": [
    "callMap",
    "spy"
  ],
  "checkAdjacentCalls": [
    "callMap",
    "spy",
    "index",
    "spies"
  ],
  "calledInOrder": [
    "spies"
  ],
  "requireClassName": [],
  "className": [
    "value"
  ],
  "requireDeprecated": [],
  "wrapped": [],
  "requireEvery": [],
  "requireFunctionName": [],
  "requireOrderByFirstCall": [],
  "comparator": [
    "a",
    "b"
  ],
  "orderByFirstCall": [
    "spies"
  ],
  "require_function": [],
  "requireMap": [],
  "requireObject": [],
  "requireSet": [],
  "requireString": [],
  "requirePrototypes": [],
  "requireTypeDetect": [],
  "typeDetect": [
    "obj"
  ],
  "requireTypeOf": [],
  "requireValueToString": [],
  "valueToString": [
    "value"
  ],
  "requireFakeTimersSrc": [],
  "withGlobal": [
    "_global"
  ],
  "NOOP": [],
  "NOOP_ARRAY": [],
  "FakePerformanceEntry": {
    "constructor": [
      "name",
      "entryType",
      "startTime",
      "duration"
    ],
    "toJSON": []
  },
  "isNumberFinite": [
    "num"
  ],
  "checkIsNearInfiniteLimit": [
    "clock",
    "i"
  ],
  "resetIsNearInfiniteLimit": [],
  "parseTime": [
    "str"
  ],
  "nanoRemainder": [
    "msFloat"
  ],
  "getEpoch": [
    "epoch"
  ],
  "inRange": [
    "from",
    "to",
    "timer"
  ],
  "getInfiniteLoopError": [
    "clock",
    "job"
  ],
  "createDate": [],
  "ClockDate": {
    "constructor": [
      "year",
      "month",
      "date",
      "hour",
      "minute",
      "second",
      "ms"
    ]
  },
  "createIntl": [],
  "enqueueJob": [
    "clock",
    "job"
  ],
  "runJobs": [
    "clock"
  ],
  "addTimer": [
    "clock",
    "timer"
  ],
  "compareTimers": [
    "a",
    "b"
  ],
  "firstTimerInRange": [
    "clock",
    "from",
    "to"
  ],
  "firstTimer": [
    "clock"
  ],
  "lastTimer": [
    "clock"
  ],
  "callTimer": [
    "clock",
    "timer"
  ],
  "getClearHandler": [
    "ttype"
  ],
  "getScheduleHandler": [
    "ttype"
  ],
  "createWarnOnce": [],
  "clearTimer": [
    "clock",
    "timerId",
    "ttype"
  ],
  "uninstall": [
    "clock",
    "config"
  ],
  "hijackMethod": [
    "target",
    "method",
    "clock"
  ],
  "doIntervalTick": [
    "clock",
    "advanceTimeDelta"
  ],
  "createClock": [
    "start",
    "loopLimit"
  ],
  "getTimeToNextFrame": [],
  "hrtime": [
    "prev"
  ],
  "fakePerformanceNow": [],
  "doTick": [
    "tickValue",
    "isAsync",
    "resolve",
    "reject"
  ],
  "doTickInner": [],
  "doRun": [],
  "install": [
    "config"
  ],
  "handleMissingTimer": [
    "timer"
  ],
  "abort": [],
  "createResolvable": [],
  "FakeTimers": {
    "_global": [],
    "_clock": [],
    "_fakingTime": [],
    "_fakingDate": [],
    "_fakeTimers": [],
    "_userConfig": [],
    "_now": [],
    "constructor": [
      "param"
    ],
    "clearAllTimers": [],
    "dispose": [],
    "runAllTimers": [],
    "runAllTimersAsync": [],
    "runOnlyPendingTimers": [],
    "runOnlyPendingTimersAsync": [],
    "advanceTimersToNextTimer": [
      "param"
    ],
    "advanceTimersToNextTimerAsync": [
      "param"
    ],
    "advanceTimersByTime": [
      "msToRun"
    ],
    "advanceTimersByTimeAsync": [
      "msToRun"
    ],
    "advanceTimersToNextFrame": [],
    "runAllTicks": [],
    "useRealTimers": [],
    "useFakeTimers": [],
    "reset": [],
    "setSystemTime": [
      "now"
    ],
    "getMockedSystemTime": [],
    "getRealSystemTime": [],
    "getTimerCount": [],
    "configure": [
      "config"
    ],
    "isFakeTimers": [],
    "_checkFakeTimers": []
  },
  "copyStackTrace": [
    "target",
    "source"
  ],
  "waitFor": [
    "callback",
    "param"
  ],
  "onResolve": [
    "result"
  ],
  "handleTimeout": [],
  "checkCallback": [],
  "waitUntil": [
    "callback",
    "param"
  ],
  "onReject": [
    "error"
  ],
  "timers": [],
  "_mocker": [],
  "getImporter": [
    "name"
  ],
  "interopCommonJsModule": [
    "interopDefault",
    "mod"
  ],
  "isPrimitive": [
    "v"
  ],
  "CommonjsExecutor": {
    "context": [],
    "requireCache": [],
    "publicRequireCache": [],
    "moduleCache": [],
    "builtinCache": [],
    "extensions": [],
    "fs": [],
    "Module": [],
    "interopDefault": [],
    "constructor": [
      "options"
    ],
    "requireJs": [],
    "requireJson": [],
    "createRequire": [],
    "createProxyCache": [],
    "loadCommonJSModule": [
      "module",
      "filename"
    ],
    "findLongestRegisteredExtension": [
      "filename"
    ],
    "getCoreSyntheticModule": [
      "identifier"
    ],
    "getCjsSyntheticModule": [
      "path",
      "identifier"
    ],
    "require": [
      "identifier"
    ],
    "requireCoreModule": [
      "identifier"
    ]
  },
  "require": [
    "id"
  ],
  "EsmExecutor": {
    "moduleCache": [],
    "esmLinkMap": [],
    "context": [],
    "constructor": [
      "executor",
      "options"
    ],
    "evaluateModule": [
      "m"
    ],
    "createEsModule": [
      "fileURL",
      "getCode"
    ],
    "loadEsModule": [
      "fileURL",
      "getCode"
    ],
    "createWebAssemblyModule": [
      "fileUrl",
      "getCode"
    ],
    "createNetworkModule": [
      "fileUrl"
    ],
    "loadWebAssemblyModule": [
      "source",
      "identifier"
    ],
    "cacheModule": [
      "identifier",
      "module"
    ],
    "resolveCachedModule": [
      "identifier"
    ],
    "createDataModule": [
      "identifier"
    ]
  },
  "evaluateModule": [
    "module"
  ],
  "IPnumber": [
    "address"
  ],
  "IPmask": [
    "maskSize"
  ],
  "ViteExecutor": {
    "esm": [],
    "constructor": [
      "options"
    ],
    "resolve": [],
    "workerState": [],
    "createViteModule": [
      "fileUrl"
    ],
    "createViteClientModule": [],
    "canResolve": []
  },
  "ExternalModulesExecutor": {
    "options": [],
    "cjs": [],
    "esm": [],
    "vite": [],
    "context": [],
    "fs": [],
    "resolvers": [],
    "constructor": [
      "options"
    ],
    "import": [
      "identifier"
    ],
    "require": [
      "identifier"
    ],
    "createRequire": [
      "identifier"
    ],
    "importModuleDynamically": [],
    "resolveModule": [],
    "resolve": [
      "specifier",
      "parent"
    ],
    "getModuleInformation": [],
    "createModule": [],
    "isNetworkSupported": []
  },
  "FileMap": {
    "fsCache": [],
    "fsBufferCache": [],
    "readFileAsync": [
      "path"
    ],
    "readFile": [
      "path"
    ],
    "readBuffer": [
      "path"
    ]
  },
  "runVmTests": [
    "method",
    "state",
    "traces"
  ],
  "defineConfig": [
    "config"
  ],
  "defineProject": [
    "config"
  ],
  "VMModule": {
    "dependencySpecifiers": [],
    "error": [],
    "identifier": [],
    "context": [],
    "namespace": [],
    "status": [],
    "evaluate": [
      "options"
    ],
    "link": [
      "linker"
    ]
  },
  "VitestModuleEvaluator": {
    "stubs": [],
    "env": [],
    "vm": [],
    "compiledFunctionArgumentsNames": [],
    "compiledFunctionArgumentsValues": [],
    "primitives": [],
    "debug": [],
    "_otel": [],
    "_evaluatedModules": [],
    "constructor": [
      "vmOptions",
      "param"
    ],
    "convertIdToImportUrl": [
      "id"
    ],
    "runExternalModule": [
      "id"
    ],
    "runInlinedModule": [
      "context",
      "code",
      "module"
    ],
    "_runInlinedModule": [
      "context",
      "code",
      "module",
      "span"
    ],
    "createRequire": [
      "filename"
    ],
    "shouldInterop": [
      "path",
      "mod"
    ]
  },
  "ModuleDebug": {
    "executionStack": [],
    "startCalculateModuleExecutionInfo": [
      "filename",
      "options"
    ]
  },
  "updateStyle": [
    "id",
    "css"
  ],
  "removeStyle": [
    "id"
  ],
  "getDefaultRequestStubs": [
    "context"
  ],
  "exportAll": [
    "exports$1",
    "sourceModule"
  ],
  "defineExport": [
    "exports$1",
    "key",
    "value"
  ],
  "interopModule": [
    "mod"
  ],
  "wrapId": [
    "id"
  ],
  "unwrapId": [
    "id"
  ]
}